\BOOKMARK [0][-]{chapter.1}{\376\377\0001\000\040\000S\000y\000s\000t\000i\000c\000k\000\040\000D\000r\000i\000v\000e\000r}{}% 1
\BOOKMARK [0][-]{chapter.2}{\376\377\0002\000\040\000D\000a\000t\000a\000\040\000S\000t\000r\000u\000c\000t\000u\000r\000e\000\040\000I\000n\000d\000e\000x}{}% 2
\BOOKMARK [1][-]{section.2.1}{\376\377\0002\000.\0001\000\040\000D\000a\000t\000a\000\040\000S\000t\000r\000u\000c\000t\000u\000r\000e\000s}{chapter.2}% 3
\BOOKMARK [0][-]{chapter.3}{\376\377\0003\000\040\000F\000i\000l\000e\000\040\000I\000n\000d\000e\000x}{}% 4
\BOOKMARK [1][-]{section.3.1}{\376\377\0003\000.\0001\000\040\000F\000i\000l\000e\000\040\000L\000i\000s\000t}{chapter.3}% 5
\BOOKMARK [0][-]{chapter.4}{\376\377\0004\000\040\000D\000a\000t\000a\000\040\000S\000t\000r\000u\000c\000t\000u\000r\000e\000\040\000D\000o\000c\000u\000m\000e\000n\000t\000a\000t\000i\000o\000n}{}% 6
\BOOKMARK [1][-]{section.4.1}{\376\377\0004\000.\0001\000\040\000s\000y\000s\000t\000i\000c\000k\000\137\000c\000o\000n\000f\000i\000g\000\137\000t\000\040\000S\000t\000r\000u\000c\000t\000\040\000R\000e\000f\000e\000r\000e\000n\000c\000e}{chapter.4}% 7
\BOOKMARK [2][-]{subsection.4.1.1}{\376\377\0004\000.\0001\000.\0001\000\040\000D\000e\000t\000a\000i\000l\000e\000d\000\040\000D\000e\000s\000c\000r\000i\000p\000t\000i\000o\000n}{section.4.1}% 8
\BOOKMARK [2][-]{subsection.4.1.2}{\376\377\0004\000.\0001\000.\0002\000\040\000F\000i\000e\000l\000d\000\040\000D\000o\000c\000u\000m\000e\000n\000t\000a\000t\000i\000o\000n}{section.4.1}% 9
\BOOKMARK [3][-]{subsubsection.4.1.2.1}{\376\377\0004\000.\0001\000.\0002\000.\0001\000\040\000c\000l\000o\000c\000k\000\137\000s\000o\000u\000r\000c\000e}{subsection.4.1.2}% 10
\BOOKMARK [3][-]{subsubsection.4.1.2.2}{\376\377\0004\000.\0001\000.\0002\000.\0002\000\040\000e\000n\000a\000b\000l\000e\000\137\000s\000y\000s\000t\000i\000c\000k}{subsection.4.1.2}% 11
\BOOKMARK [3][-]{subsubsection.4.1.2.3}{\376\377\0004\000.\0001\000.\0002\000.\0003\000\040\000e\000n\000a\000b\000l\000e\000\137\000s\000y\000s\000t\000i\000c\000k\000\137\000i\000n\000t\000e\000r\000r\000u\000p\000t}{subsection.4.1.2}% 12
\BOOKMARK [3][-]{subsubsection.4.1.2.4}{\376\377\0004\000.\0001\000.\0002\000.\0004\000\040\000t\000i\000c\000k\000\137\000f\000r\000e\000q\000\137\000k\000h\000z}{subsection.4.1.2}% 13
\BOOKMARK [0][-]{chapter.5}{\376\377\0005\000\040\000F\000i\000l\000e\000\040\000D\000o\000c\000u\000m\000e\000n\000t\000a\000t\000i\000o\000n}{}% 14
\BOOKMARK [1][-]{section.5.1}{\376\377\0005\000.\0001\000\040\000/\000h\000o\000m\000e\000/\000m\000a\000r\000k\000o\000/\000D\000o\000c\000u\000m\000e\000n\000t\000s\000/\000e\000m\000b\000e\000d\000d\000e\000d\000\137\000w\000o\000r\000k\000s\000p\000a\000c\000e\000/\000s\000y\000s\000t\000i\000c\000k\000\137\000d\000r\000i\000v\000e\000r\000/\000s\000y\000s\000t\000i\000c\000k\000\137\000i\000n\000t\000e\000r\000f\000a\000c\000e\000.\000h\000\040\000F\000i\000l\000e\000\040\000R\000e\000f\000e\000r\000e\000n\000c\000e}{chapter.5}% 15
\BOOKMARK [2][-]{subsection.5.1.1}{\376\377\0005\000.\0001\000.\0001\000\040\000D\000e\000t\000a\000i\000l\000e\000d\000\040\000D\000e\000s\000c\000r\000i\000p\000t\000i\000o\000n}{section.5.1}% 16
\BOOKMARK [2][-]{subsection.5.1.2}{\376\377\0005\000.\0001\000.\0002\000\040\000T\000y\000p\000e\000d\000e\000f\000\040\000D\000o\000c\000u\000m\000e\000n\000t\000a\000t\000i\000o\000n}{section.5.1}% 17
\BOOKMARK [3][-]{subsubsection.5.1.2.1}{\376\377\0005\000.\0001\000.\0002\000.\0001\000\040\000s\000y\000s\000t\000i\000c\000k\000\137\000c\000a\000l\000l\000b\000a\000c\000k\000\137\000t}{subsection.5.1.2}% 18
\BOOKMARK [2][-]{subsection.5.1.3}{\376\377\0005\000.\0001\000.\0003\000\040\000F\000u\000n\000c\000t\000i\000o\000n\000\040\000D\000o\000c\000u\000m\000e\000n\000t\000a\000t\000i\000o\000n}{section.5.1}% 19
\BOOKMARK [3][-]{subsubsection.5.1.3.1}{\376\377\0005\000.\0001\000.\0003\000.\0001\000\040\000s\000y\000s\000t\000i\000c\000k\000\137\000c\000a\000l\000l\000b\000a\000c\000k\000\137\000r\000e\000g\000i\000s\000t\000e\000r\000\050\000\051}{subsection.5.1.3}% 20
\BOOKMARK [3][-]{subsubsection.5.1.3.2}{\376\377\0005\000.\0001\000.\0003\000.\0002\000\040\000s\000y\000s\000t\000i\000c\000k\000\137\000d\000e\000l\000a\000y\000\050\000\051}{subsection.5.1.3}% 21
\BOOKMARK [3][-]{subsubsection.5.1.3.3}{\376\377\0005\000.\0001\000.\0003\000.\0003\000\040\000s\000y\000s\000t\000i\000c\000k\000\137\000g\000e\000t\000\137\000t\000i\000c\000k\000\050\000\051}{subsection.5.1.3}% 22
\BOOKMARK [3][-]{subsubsection.5.1.3.4}{\376\377\0005\000.\0001\000.\0003\000.\0004\000\040\000s\000y\000s\000t\000i\000c\000k\000\137\000i\000n\000c\000r\000e\000m\000e\000n\000t\000\050\000\051}{subsection.5.1.3}% 23
\BOOKMARK [3][-]{subsubsection.5.1.3.5}{\376\377\0005\000.\0001\000.\0003\000.\0005\000\040\000s\000y\000s\000t\000i\000c\000k\000\137\000i\000n\000i\000t\000\050\000\051}{subsection.5.1.3}% 24
\BOOKMARK [3][-]{subsubsection.5.1.3.6}{\376\377\0005\000.\0001\000.\0003\000.\0006\000\040\000s\000y\000s\000t\000i\000c\000k\000\137\000i\000n\000t\000e\000r\000r\000u\000p\000t\000\137\000c\000o\000n\000t\000r\000o\000l\000\050\000\051}{subsection.5.1.3}% 25
\BOOKMARK [3][-]{subsubsection.5.1.3.7}{\376\377\0005\000.\0001\000.\0003\000.\0007\000\040\000s\000y\000s\000t\000i\000c\000k\000\137\000i\000r\000q\000\137\000h\000a\000n\000d\000l\000e\000r\000\050\000\051}{subsection.5.1.3}% 26
\BOOKMARK [3][-]{subsubsection.5.1.3.8}{\376\377\0005\000.\0001\000.\0003\000.\0008\000\040\000s\000y\000s\000t\000i\000c\000k\000\137\000p\000a\000u\000s\000e\000\050\000\051}{subsection.5.1.3}% 27
\BOOKMARK [3][-]{subsubsection.5.1.3.9}{\376\377\0005\000.\0001\000.\0003\000.\0009\000\040\000s\000y\000s\000t\000i\000c\000k\000\137\000r\000e\000s\000u\000m\000e\000\050\000\051}{subsection.5.1.3}% 28
\BOOKMARK [3][-]{subsubsection.5.1.3.10}{\376\377\0005\000.\0001\000.\0003\000.\0001\0000\000\040\000s\000y\000s\000t\000i\000c\000k\000\137\000t\000i\000c\000k\000\137\000f\000r\000e\000q\000\137\000s\000e\000t\000\050\000\051}{subsection.5.1.3}% 29
\BOOKMARK [1][-]{section.5.2}{\376\377\0005\000.\0002\000\040\000/\000h\000o\000m\000e\000/\000m\000a\000r\000k\000o\000/\000D\000o\000c\000u\000m\000e\000n\000t\000s\000/\000e\000m\000b\000e\000d\000d\000e\000d\000\137\000w\000o\000r\000k\000s\000p\000a\000c\000e\000/\000s\000y\000s\000t\000i\000c\000k\000\137\000d\000r\000i\000v\000e\000r\000/\000s\000y\000s\000t\000i\000c\000k\000\137\000s\000t\000m\0003\0002\000f\0004\0001\0001\000.\000c\000\040\000F\000i\000l\000e\000\040\000R\000e\000f\000e\000r\000e\000n\000c\000e}{chapter.5}% 30
\BOOKMARK [2][-]{subsection.5.2.1}{\376\377\0005\000.\0002\000.\0001\000\040\000D\000e\000t\000a\000i\000l\000e\000d\000\040\000D\000e\000s\000c\000r\000i\000p\000t\000i\000o\000n}{section.5.2}% 31
\BOOKMARK [2][-]{subsection.5.2.2}{\376\377\0005\000.\0002\000.\0002\000\040\000M\000a\000c\000r\000o\000\040\000D\000e\000f\000i\000n\000i\000t\000i\000o\000n\000\040\000D\000o\000c\000u\000m\000e\000n\000t\000a\000t\000i\000o\000n}{section.5.2}% 32
\BOOKMARK [3][-]{subsubsection.5.2.2.1}{\376\377\0005\000.\0002\000.\0002\000.\0001\000\040\000N\000U\000L\000L}{subsection.5.2.2}% 33
\BOOKMARK [2][-]{subsection.5.2.3}{\376\377\0005\000.\0002\000.\0003\000\040\000F\000u\000n\000c\000t\000i\000o\000n\000\040\000D\000o\000c\000u\000m\000e\000n\000t\000a\000t\000i\000o\000n}{section.5.2}% 34
\BOOKMARK [3][-]{subsubsection.5.2.3.1}{\376\377\0005\000.\0002\000.\0003\000.\0001\000\040\000s\000y\000s\000t\000i\000c\000k\000\137\000c\000a\000l\000l\000b\000a\000c\000k\000\137\000r\000e\000g\000i\000s\000t\000e\000r\000\050\000\051}{subsection.5.2.3}% 35
\BOOKMARK [3][-]{subsubsection.5.2.3.2}{\376\377\0005\000.\0002\000.\0003\000.\0002\000\040\000s\000y\000s\000t\000i\000c\000k\000\137\000d\000e\000l\000a\000y\000\050\000\051}{subsection.5.2.3}% 36
\BOOKMARK [3][-]{subsubsection.5.2.3.3}{\376\377\0005\000.\0002\000.\0003\000.\0003\000\040\000s\000y\000s\000t\000i\000c\000k\000\137\000g\000e\000t\000\137\000t\000i\000c\000k\000\050\000\051}{subsection.5.2.3}% 37
\BOOKMARK [3][-]{subsubsection.5.2.3.4}{\376\377\0005\000.\0002\000.\0003\000.\0004\000\040\000s\000y\000s\000t\000i\000c\000k\000\137\000i\000n\000c\000r\000e\000m\000e\000n\000t\000\050\000\051}{subsection.5.2.3}% 38
\BOOKMARK [3][-]{subsubsection.5.2.3.5}{\376\377\0005\000.\0002\000.\0003\000.\0005\000\040\000s\000y\000s\000t\000i\000c\000k\000\137\000i\000n\000i\000t\000\050\000\051}{subsection.5.2.3}% 39
\BOOKMARK [3][-]{subsubsection.5.2.3.6}{\376\377\0005\000.\0002\000.\0003\000.\0006\000\040\000s\000y\000s\000t\000i\000c\000k\000\137\000i\000n\000t\000e\000r\000r\000u\000p\000t\000\137\000c\000o\000n\000t\000r\000o\000l\000\050\000\051}{subsection.5.2.3}% 40
\BOOKMARK [3][-]{subsubsection.5.2.3.7}{\376\377\0005\000.\0002\000.\0003\000.\0007\000\040\000s\000y\000s\000t\000i\000c\000k\000\137\000i\000r\000q\000\137\000h\000a\000n\000d\000l\000e\000r\000\050\000\051}{subsection.5.2.3}% 41
\BOOKMARK [3][-]{subsubsection.5.2.3.8}{\376\377\0005\000.\0002\000.\0003\000.\0008\000\040\000s\000y\000s\000t\000i\000c\000k\000\137\000p\000a\000u\000s\000e\000\050\000\051}{subsection.5.2.3}% 42
\BOOKMARK [3][-]{subsubsection.5.2.3.9}{\376\377\0005\000.\0002\000.\0003\000.\0009\000\040\000s\000y\000s\000t\000i\000c\000k\000\137\000r\000e\000s\000u\000m\000e\000\050\000\051}{subsection.5.2.3}% 43
\BOOKMARK [3][-]{subsubsection.5.2.3.10}{\376\377\0005\000.\0002\000.\0003\000.\0001\0000\000\040\000s\000y\000s\000t\000i\000c\000k\000\137\000t\000i\000c\000k\000\137\000f\000r\000e\000q\000\137\000s\000e\000t\000\050\000\051}{subsection.5.2.3}% 44
\BOOKMARK [2][-]{subsection.5.2.4}{\376\377\0005\000.\0002\000.\0004\000\040\000V\000a\000r\000i\000a\000b\000l\000e\000\040\000D\000o\000c\000u\000m\000e\000n\000t\000a\000t\000i\000o\000n}{section.5.2}% 45
\BOOKMARK [3][-]{subsubsection.5.2.4.1}{\376\377\0005\000.\0002\000.\0004\000.\0001\000\040\000s\000y\000s\000t\000i\000c\000k\000\137\000c\000a\000l\000l\000b\000a\000c\000k}{subsection.5.2.4}% 46
\BOOKMARK [3][-]{subsubsection.5.2.4.2}{\376\377\0005\000.\0002\000.\0004\000.\0002\000\040\000t\000i\000c\000k\000\137\000f\000r\000e\000q}{subsection.5.2.4}% 47
\BOOKMARK [3][-]{subsubsection.5.2.4.3}{\376\377\0005\000.\0002\000.\0004\000.\0003\000\040\000t\000i\000c\000k\000\137\000m\000s}{subsection.5.2.4}% 48
\BOOKMARK [1][-]{section.5.3}{\376\377\0005\000.\0003\000\040\000/\000h\000o\000m\000e\000/\000m\000a\000r\000k\000o\000/\000D\000o\000c\000u\000m\000e\000n\000t\000s\000/\000e\000m\000b\000e\000d\000d\000e\000d\000\137\000w\000o\000r\000k\000s\000p\000a\000c\000e\000/\000s\000y\000s\000t\000i\000c\000k\000\137\000d\000r\000i\000v\000e\000r\000/\000s\000y\000s\000t\000i\000c\000k\000\137\000s\000t\000m\0003\0002\000f\0004\0001\0001\000\137\000c\000o\000n\000f\000i\000g\000.\000c\000\040\000F\000i\000l\000e\000\040\000R\000e\000f\000e\000r\000e\000n\000c\000e}{chapter.5}% 49
\BOOKMARK [2][-]{subsection.5.3.1}{\376\377\0005\000.\0003\000.\0001\000\040\000D\000e\000t\000a\000i\000l\000e\000d\000\040\000D\000e\000s\000c\000r\000i\000p\000t\000i\000o\000n}{section.5.3}% 50
\BOOKMARK [2][-]{subsection.5.3.2}{\376\377\0005\000.\0003\000.\0002\000\040\000F\000u\000n\000c\000t\000i\000o\000n\000\040\000D\000o\000c\000u\000m\000e\000n\000t\000a\000t\000i\000o\000n}{section.5.3}% 51
\BOOKMARK [3][-]{subsubsection.5.3.2.1}{\376\377\0005\000.\0003\000.\0002\000.\0001\000\040\000s\000y\000s\000t\000i\000c\000k\000\137\000c\000o\000n\000f\000i\000g\000\137\000g\000e\000t\000\050\000\051}{subsection.5.3.2}% 52
\BOOKMARK [2][-]{subsection.5.3.3}{\376\377\0005\000.\0003\000.\0003\000\040\000V\000a\000r\000i\000a\000b\000l\000e\000\040\000D\000o\000c\000u\000m\000e\000n\000t\000a\000t\000i\000o\000n}{section.5.3}% 53
\BOOKMARK [3][-]{subsubsection.5.3.3.1}{\376\377\0005\000.\0003\000.\0003\000.\0001\000\040\000s\000y\000s\000t\000i\000c\000k\000\137\000c\000o\000n\000f\000i\000g\000\137\000t\000a\000b\000l\000e}{subsection.5.3.3}% 54
\BOOKMARK [1][-]{section.5.4}{\376\377\0005\000.\0004\000\040\000/\000h\000o\000m\000e\000/\000m\000a\000r\000k\000o\000/\000D\000o\000c\000u\000m\000e\000n\000t\000s\000/\000e\000m\000b\000e\000d\000d\000e\000d\000\137\000w\000o\000r\000k\000s\000p\000a\000c\000e\000/\000s\000y\000s\000t\000i\000c\000k\000\137\000d\000r\000i\000v\000e\000r\000/\000s\000y\000s\000t\000i\000c\000k\000\137\000s\000t\000m\0003\0002\000f\0004\0001\0001\000\137\000c\000o\000n\000f\000i\000g\000.\000h\000\040\000F\000i\000l\000e\000\040\000R\000e\000f\000e\000r\000e\000n\000c\000e}{chapter.5}% 55
\BOOKMARK [2][-]{subsection.5.4.1}{\376\377\0005\000.\0004\000.\0001\000\040\000D\000e\000t\000a\000i\000l\000e\000d\000\040\000D\000e\000s\000c\000r\000i\000p\000t\000i\000o\000n}{section.5.4}% 56
\BOOKMARK [2][-]{subsection.5.4.2}{\376\377\0005\000.\0004\000.\0002\000\040\000E\000n\000u\000m\000e\000r\000a\000t\000i\000o\000n\000\040\000T\000y\000p\000e\000\040\000D\000o\000c\000u\000m\000e\000n\000t\000a\000t\000i\000o\000n}{section.5.4}% 57
\BOOKMARK [3][-]{subsubsection.5.4.2.1}{\376\377\0005\000.\0004\000.\0002\000.\0001\000\040\000s\000y\000s\000t\000i\000c\000k\000\137\000c\000l\000o\000c\000k\000\137\000s\000o\000u\000r\000c\000e\000\137\000t}{subsection.5.4.2}% 58
\BOOKMARK [3][-]{subsubsection.5.4.2.2}{\376\377\0005\000.\0004\000.\0002\000.\0002\000\040\000s\000y\000s\000t\000i\000c\000k\000\137\000e\000n\000a\000b\000l\000e\000d\000\137\000t}{subsection.5.4.2}% 59
\BOOKMARK [3][-]{subsubsection.5.4.2.3}{\376\377\0005\000.\0004\000.\0002\000.\0003\000\040\000s\000y\000s\000t\000i\000c\000k\000\137\000i\000n\000t\000e\000r\000r\000u\000p\000t\000\137\000t}{subsection.5.4.2}% 60
\BOOKMARK [3][-]{subsubsection.5.4.2.4}{\376\377\0005\000.\0004\000.\0002\000.\0004\000\040\000s\000y\000s\000t\000i\000c\000k\000\137\000t}{subsection.5.4.2}% 61
\BOOKMARK [2][-]{subsection.5.4.3}{\376\377\0005\000.\0004\000.\0003\000\040\000F\000u\000n\000c\000t\000i\000o\000n\000\040\000D\000o\000c\000u\000m\000e\000n\000t\000a\000t\000i\000o\000n}{section.5.4}% 62
\BOOKMARK [3][-]{subsubsection.5.4.3.1}{\376\377\0005\000.\0004\000.\0003\000.\0001\000\040\000s\000y\000s\000t\000i\000c\000k\000\137\000c\000o\000n\000f\000i\000g\000\137\000g\000e\000t\000\050\000\051}{subsection.5.4.3}% 63
\BOOKMARK [2][-]{subsection.5.4.4}{\376\377\0005\000.\0004\000.\0004\000\040\000V\000a\000r\000i\000a\000b\000l\000e\000\040\000D\000o\000c\000u\000m\000e\000n\000t\000a\000t\000i\000o\000n}{section.5.4}% 64
\BOOKMARK [3][-]{subsubsection.5.4.4.1}{\376\377\0005\000.\0004\000.\0004\000.\0001\000\040\000S\000y\000s\000t\000e\000m\000C\000o\000r\000e\000C\000l\000o\000c\000k}{subsection.5.4.4}% 65
